-------------------------------------------------------------------------------
Test set: demoMaven.HelloClassTest
-------------------------------------------------------------------------------
Tests run: 1, Failures: 1, Errors: 0, Skipped: 0, Time elapsed: 0.012 s <<< FAILURE! - in demoMaven.HelloClassTest
testHello  Time elapsed: 0.008 s  <<< FAILURE!
org.opentest4j.AssertionFailedError: Doit retourner la surface d'un carrÃ©. ==> expected: <4> but was: <3>
	at demoMaven.HelloClassTest.testHello(HelloClassTest.java:19)

